┌[cors] 24-05-2026 06:43:43.53495 /src/Middleware/CorsMiddleware.php:89
└❯ CorsMiddleware: no origins configured; defaulting to "*". Set ZEALPHP_CORS_ORIGINS or pass origins explicitly for production use. 
┌[cors] 24-05-2026 06:44:22.75934 /src/Middleware/CorsMiddleware.php:89
└❯ CorsMiddleware: no origins configured; defaulting to "*". Set ZEALPHP_CORS_ORIGINS or pass origins explicitly for production use. 
┌[cors] 24-05-2026 06:57:12.76592 /src/Middleware/CorsMiddleware.php:89
└❯ CorsMiddleware: no origins configured; defaulting to "*". Set ZEALPHP_CORS_ORIGINS or pass origins explicitly for production use. 
┌[cors] 24-05-2026 07:13:46.39715 /src/Middleware/CorsMiddleware.php:89
└❯ CorsMiddleware: no origins configured; defaulting to "*". Set ZEALPHP_CORS_ORIGINS or pass origins explicitly for production use. 
┌[cors] 24-05-2026 07:29:43.40371 /src/Middleware/CorsMiddleware.php:89
└❯ CorsMiddleware: no origins configured; defaulting to "*". Set ZEALPHP_CORS_ORIGINS or pass origins explicitly for production use. 
┌[cors] 24-05-2026 07:30:27.78966 /src/Middleware/CorsMiddleware.php:89
└❯ CorsMiddleware: no origins configured; defaulting to "*". Set ZEALPHP_CORS_ORIGINS or pass origins explicitly for production use. 
┌[cors] 24-05-2026 09:11:08.26578 /src/Middleware/CorsMiddleware.php:89
└❯ CorsMiddleware: no origins configured; defaulting to "*". Set ZEALPHP_CORS_ORIGINS or pass origins explicitly for production use. 
┌[cors] 24-05-2026 09:11:16.98848 /src/Middleware/CorsMiddleware.php:89
└❯ CorsMiddleware: no origins configured; defaulting to "*". Set ZEALPHP_CORS_ORIGINS or pass origins explicitly for production use. 
┌[cors] 24-05-2026 09:37:06.55369 /src/Middleware/CorsMiddleware.php:89
└❯ CorsMiddleware: no origins configured; defaulting to "*". Set ZEALPHP_CORS_ORIGINS or pass origins explicitly for production use. 
┌[warn] 24-05-2026 09:42:26.81668 /src/utils.php:1266
└❯ virtual() is not supported in ZealPHP — ignored: /some/uri 
┌[*] 24-05-2026 09:42:27.41810 /src/App.php:602
└❯ Invalid HTTP status code returned: 99999. Coercing to 500. (Universal return contract allows 100-599. See template/pages/responses.php#status-range.) 
┌[error] 24-05-2026 09:42:27.41880 /src/App.php:6623
└❯ RuntimeException: boom-xtra
 at ZealPHP.Tests.Unit.AppPipelineExtraTest.ZealPHP.Tests.Unit.{closure}(/tests/Unit/AppPipelineExtraTest.php:56)
 at call_user_func_array(anonymous)
 at ZealPHP.ResponseMiddleware.dispatchRoute(/src/App.php:6491)
 at ZealPHP.ResponseMiddleware.process(/src/App.php:6841)
 at ZealPHP.Tests.Unit.AppPipelineExtraTest.dispatch(/tests/Unit/AppPipelineExtraTest.php:208)
 at ZealPHP.Tests.Unit.AppPipelineExtraTest.testHandlerThrowRenders500(/tests/Unit/AppPipelineExtraTest.php:270)
 at PHPUnit.Framework.TestCase.runTest(/vendor/phpunit/phpunit/src/Framework/TestCase.php:1667)
 at PHPUnit.Framework.TestCase.runBare(/vendor/phpunit/phpunit/src/Framework/TestCase.php:519)
 at PHPUnit.Framework.TestRunner.run(/vendor/phpunit/phpunit/src/Framework/TestRunner/TestRunner.php:87)
 at PHPUnit.Framework.TestCase.run(/vendor/phpunit/phpunit/src/Framework/TestCase.php:365)
 at PHPUnit.Framework.TestSuite.run(/vendor/phpunit/phpunit/src/Framework/TestSuite.php:369)
 ... 5 more 
┌[error] 24-05-2026 09:42:27.41909 /src/App.php:6623
└❯ RuntimeException: boom-xtra
 at ZealPHP.Tests.Unit.AppPipelineExtraTest.ZealPHP.Tests.Unit.{closure}(/tests/Unit/AppPipelineExtraTest.php:56)
 at call_user_func_array(anonymous)
 at ZealPHP.ResponseMiddleware.dispatchRoute(/src/App.php:6491)
 at ZealPHP.ResponseMiddleware.process(/src/App.php:6841)
 at ZealPHP.Tests.Unit.AppPipelineExtraTest.dispatch(/tests/Unit/AppPipelineExtraTest.php:208)
 at ZealPHP.Tests.Unit.AppPipelineExtraTest.testHandlerThrowWithTraceWhenDisplayErrorsOn(/tests/Unit/AppPipelineExtraTest.php:276)
 at PHPUnit.Framework.TestCase.runTest(/vendor/phpunit/phpunit/src/Framework/TestCase.php:1667)
 at PHPUnit.Framework.TestCase.runBare(/vendor/phpunit/phpunit/src/Framework/TestCase.php:519)
 at PHPUnit.Framework.TestRunner.run(/vendor/phpunit/phpunit/src/Framework/TestRunner/TestRunner.php:87)
 at PHPUnit.Framework.TestCase.run(/vendor/phpunit/phpunit/src/Framework/TestCase.php:365)
 at PHPUnit.Framework.TestSuite.run(/vendor/phpunit/phpunit/src/Framework/TestSuite.php:369)
 ... 5 more 
┌[error] 24-05-2026 09:42:27.41938 /src/App.php:6623
└❯ RuntimeException: boom-xtra
 at ZealPHP.Tests.Unit.AppPipelineExtraTest.ZealPHP.Tests.Unit.{closure}(/tests/Unit/AppPipelineExtraTest.php:56)
 at call_user_func_array(anonymous)
 at ZealPHP.ResponseMiddleware.dispatchRoute(/src/App.php:6491)
 at ZealPHP.ResponseMiddleware.process(/src/App.php:6841)
 at ZealPHP.Tests.Unit.AppPipelineExtraTest.dispatch(/tests/Unit/AppPipelineExtraTest.php:208)
 at ZealPHP.Tests.Unit.AppPipelineExtraTest.testHandlerThrowWithoutTraceWhenDisplayErrorsOff(/tests/Unit/AppPipelineExtraTest.php:283)
 at PHPUnit.Framework.TestCase.runTest(/vendor/phpunit/phpunit/src/Framework/TestCase.php:1667)
 at PHPUnit.Framework.TestCase.runBare(/vendor/phpunit/phpunit/src/Framework/TestCase.php:519)
 at PHPUnit.Framework.TestRunner.run(/vendor/phpunit/phpunit/src/Framework/TestRunner/TestRunner.php:87)
 at PHPUnit.Framework.TestCase.run(/vendor/phpunit/phpunit/src/Framework/TestCase.php:365)
 at PHPUnit.Framework.TestSuite.run(/vendor/phpunit/phpunit/src/Framework/TestSuite.php:369)
 ... 5 more 
┌[error] 24-05-2026 09:42:27.42071 /src/App.php:6448
└❯ RuntimeException: raw-boom
 at ZealPHP.Tests.Unit.AppPipelineExtraTest.ZealPHP.Tests.Unit.{closure}(/tests/Unit/AppPipelineExtraTest.php:73)
 at call_user_func_array(anonymous)
 at ZealPHP.ResponseMiddleware.dispatchRawRoute(/src/App.php:6359)
 at ZealPHP.ResponseMiddleware.dispatchRoute(/src/App.php:6462)
 at ZealPHP.ResponseMiddleware.process(/src/App.php:6841)
 at ZealPHP.Tests.Unit.AppPipelineExtraTest.dispatch(/tests/Unit/AppPipelineExtraTest.php:208)
 at ZealPHP.Tests.Unit.AppPipelineExtraTest.testRawRouteThrowRenders500(/tests/Unit/AppPipelineExtraTest.php:331)
 at PHPUnit.Framework.TestCase.runTest(/vendor/phpunit/phpunit/src/Framework/TestCase.php:1667)
 at PHPUnit.Framework.TestCase.runBare(/vendor/phpunit/phpunit/src/Framework/TestCase.php:519)
 at PHPUnit.Framework.TestRunner.run(/vendor/phpunit/phpunit/src/Framework/TestRunner/TestRunner.php:87)
 at PHPUnit.Framework.TestCase.run(/vendor/phpunit/phpunit/src/Framework/TestCase.php:365)
 at PHPUnit.Framework.TestSuite.run(/vendor/phpunit/phpunit/src/Framework/TestSuite.php:369)
 ... 5 more 
┌[error] 24-05-2026 09:42:27.42334 /src/App.php:4818
└❯ Error handler for 404 itself threw: handler-broke 
┌[*] 24-05-2026 09:42:27.42668 /src/App.php:602
└❯ Invalid HTTP status code returned: 0. Coercing to 500. (Universal return contract allows 100-599. See template/pages/responses.php#status-range.) 
┌[*] 24-05-2026 09:42:27.42671 /src/App.php:602
└❯ Invalid HTTP status code returned: -1. Coercing to 500. (Universal return contract allows 100-599. See template/pages/responses.php#status-range.) 
┌[*] 24-05-2026 09:42:27.42672 /src/App.php:602
└❯ Invalid HTTP status code returned: 600. Coercing to 500. (Universal return contract allows 100-599. See template/pages/responses.php#status-range.) 
┌[*] 24-05-2026 09:42:27.42672 /src/App.php:602
└❯ Invalid HTTP status code returned: 99999. Coercing to 500. (Universal return contract allows 100-599. See template/pages/responses.php#status-range.) 
┌[*] 24-05-2026 09:42:27.44039 /src/App.php:602
└❯ Invalid HTTP status code returned: 0. Coercing to 500. (Universal return contract allows 100-599. See template/pages/responses.php#status-range.) 
┌[*] 24-05-2026 09:42:27.44043 /src/App.php:602
└❯ Invalid HTTP status code returned: -1. Coercing to 500. (Universal return contract allows 100-599. See template/pages/responses.php#status-range.) 
┌[*] 24-05-2026 09:42:27.44044 /src/App.php:602
└❯ Invalid HTTP status code returned: 42. Coercing to 500. (Universal return contract allows 100-599. See template/pages/responses.php#status-range.) 
┌[*] 24-05-2026 09:42:27.44045 /src/App.php:602
└❯ Invalid HTTP status code returned: 999. Coercing to 500. (Universal return contract allows 100-599. See template/pages/responses.php#status-range.) 
┌[*] 24-05-2026 09:42:27.44046 /src/App.php:602
└❯ Invalid HTTP status code returned: 600. Coercing to 500. (Universal return contract allows 100-599. See template/pages/responses.php#status-range.) 
┌[warn] 24-05-2026 09:42:27.48700 /src/App.php:814
└❯ App already initialized 
[error_log] 24-05-2026 09:42:27 Cache::init(maxRows=99999) is NOT enforced on the Redis backend (Redis has no per-table size cap). Either pass $ttlSeconds for per-key auto-expiry, or configure Redis-server `maxmemory` + `maxmemory-policy allkeys-lru` for cluster-wide bound.
[error_log] 24-05-2026 09:42:45 Cache::invalidateTag('user:42') requires Redis/Tiered backend; current is Table. Use a versioned key prefix for single-node cache groups instead.
┌[fcgi] 24-05-2026 09:42:45.83380 /src/App.php:3969
└❯ [fcgi] stderr: PHP Warning: division by zero 
┌[error] 24-05-2026 09:42:45.83410 /src/App.php:3961
└❯ cgiFcgi: FastCGI error for /tmp/zealphp_fcgi_375580/down.php: FastCGI: cannot connect to 127.0.0.1:9000: connection refused 
┌[error] 24-05-2026 09:42:45.83437 /src/App.php:3964
└❯ cgiFcgi: unexpected error for /tmp/zealphp_fcgi_375580/crash.php: socket timeout 
┌[conn_limit] 24-05-2026 09:42:46.96661 /src/Middleware/ConcurrencyLimitMiddleware.php:261
└❯ ConcurrencyLimitMiddleware: rejected (global limit 2) 
┌[conn_limit] 24-05-2026 09:42:46.96688 /src/Middleware/ConcurrencyLimitMiddleware.php:261
└❯ ConcurrencyLimitMiddleware: rejected (global limit 2) 
┌[conn_limit] 24-05-2026 09:42:46.96732 /src/Middleware/ConcurrencyLimitMiddleware.php:261
└❯ ConcurrencyLimitMiddleware: rejected (global limit 2) 
┌[conn_limit] 24-05-2026 09:42:46.96752 /src/Middleware/ConcurrencyLimitMiddleware.php:261
└❯ ConcurrencyLimitMiddleware: rejected (global limit 2) [dry-run] 
┌[conn_limit] 24-05-2026 09:42:46.96772 /src/Middleware/ConcurrencyLimitMiddleware.php:218
└❯ ConcurrencyLimitMiddleware: rejected (per-key limit 1 for key=10.0.0.1) 
┌[conn_limit] 24-05-2026 09:42:46.96831 /src/Middleware/ConcurrencyLimitMiddleware.php:218
└❯ ConcurrencyLimitMiddleware: rejected (per-key limit 3 for key=10.3.3.3) [dry-run] 
┌[conn_limit] 24-05-2026 09:42:46.96853 /src/Middleware/ConcurrencyLimitMiddleware.php:218
└❯ ConcurrencyLimitMiddleware: rejected (per-key limit 2 for key=10.4.4.4) 
┌[conn_limit] 24-05-2026 09:42:46.96872 /src/Middleware/ConcurrencyLimitMiddleware.php:179
└❯ ConcurrencyLimitMiddleware: Store table 'no_such_table_xyz' does not exist; create it before $app->run() (pre-fork footgun) — failing open. 
┌[conn_limit] 24-05-2026 09:42:46.96895 /src/Middleware/ConcurrencyLimitMiddleware.php:218
└❯ ConcurrencyLimitMiddleware: rejected (per-key limit 1 for key=fixed-key) 
┌[conn_limit] 24-05-2026 09:42:46.96945 /src/Middleware/ConcurrencyLimitMiddleware.php:261
└❯ ConcurrencyLimitMiddleware: rejected (global limit 1) 
┌[conn_limit] 24-05-2026 09:42:46.96972 /src/Middleware/ConcurrencyLimitMiddleware.php:261
└❯ ConcurrencyLimitMiddleware: rejected (global limit 1) 
┌[conn_limit] 24-05-2026 09:42:46.97066 /src/Middleware/ConcurrencyLimitMiddleware.php:218
└❯ ConcurrencyLimitMiddleware: rejected (global limit 1) 
┌[conn_limit] 24-05-2026 09:42:46.97146 /src/Middleware/ConcurrencyLimitMiddleware.php:218
└❯ ConcurrencyLimitMiddleware: rejected (global limit 5) 
┌[conn_limit] 24-05-2026 09:42:46.97186 /src/Middleware/ConcurrencyLimitMiddleware.php:218
└❯ ConcurrencyLimitMiddleware: rejected (global limit 2) 
┌[conn_limit] 24-05-2026 09:42:46.97207 /src/Middleware/ConcurrencyLimitMiddleware.php:218
└❯ ConcurrencyLimitMiddleware: rejected (per-key limit 3 for key=10.14.14.1) 
┌[conn_limit] 24-05-2026 09:42:46.97330 /src/Middleware/ConcurrencyLimitMiddleware.php:218
└❯ ConcurrencyLimitMiddleware: rejected (per-key limit 1 for key=10.9.9.1) [dry-run] 
┌[conn_limit] 24-05-2026 09:42:46.97362 /src/Middleware/ConcurrencyLimitMiddleware.php:218
└❯ ConcurrencyLimitMiddleware: rejected (global limit 2) 
┌[conn_limit] 24-05-2026 09:42:46.97390 /src/Middleware/ConcurrencyLimitMiddleware.php:218
└❯ ConcurrencyLimitMiddleware: rejected (per-key limit 3 for key=10.10.10.1) 
┌[conn_limit] 24-05-2026 09:42:46.97413 /src/Middleware/ConcurrencyLimitMiddleware.php:218
└❯ ConcurrencyLimitMiddleware: rejected (per-key limit 5 for key=10.11.11.1) 
┌[conn_limit] 24-05-2026 09:42:46.97443 /src/Middleware/ConcurrencyLimitMiddleware.php:261
└❯ ConcurrencyLimitMiddleware: rejected (global limit 1) [dry-run] 
┌[conn_limit] 24-05-2026 09:42:46.97466 /src/Middleware/ConcurrencyLimitMiddleware.php:218
└❯ ConcurrencyLimitMiddleware: rejected (per-key limit 5 for key=10.12.12.1) [dry-run] 
┌[conn_limit] 24-05-2026 09:42:46.97491 /src/Middleware/ConcurrencyLimitMiddleware.php:218
└❯ ConcurrencyLimitMiddleware: rejected (per-key limit 1 for key=1234) 
┌[conn_limit] 24-05-2026 09:42:46.97528 /src/Middleware/ConcurrencyLimitMiddleware.php:218
└❯ ConcurrencyLimitMiddleware: rejected (per-key limit 1 for key=192.168.1.1) 
┌[*] 24-05-2026 09:42:46.98776 /src/Session/Handler/CoroutineMemorySessionHandler.php:22
└❯ SessionHandler::read 
┌[*] 24-05-2026 09:42:46.98793 /src/Session/Handler/CoroutineMemorySessionHandler.php:22
└❯ SessionHandler::read 
┌[*] 24-05-2026 09:42:46.98807 /src/Session/Handler/CoroutineMemorySessionHandler.php:22
└❯ SessionHandler::read 
┌[*] 24-05-2026 09:42:46.98820 /src/Session/Handler/CoroutineMemorySessionHandler.php:22
└❯ SessionHandler::read 
┌[*] 24-05-2026 09:42:46.98821 /src/Session/Handler/CoroutineMemorySessionHandler.php:22
└❯ SessionHandler::read 
┌[*] 24-05-2026 09:42:46.98856 /src/Session/Handler/CoroutineMemorySessionHandler.php:22
└❯ SessionHandler::read 
┌[*] 24-05-2026 09:42:46.98857 /src/Session/Handler/CoroutineMemorySessionHandler.php:22
└❯ SessionHandler::read 
┌[*] 24-05-2026 09:42:46.98872 /src/Session/Handler/CoroutineMemorySessionHandler.php:22
└❯ SessionHandler::read 
┌[*] 24-05-2026 09:42:46.98896 /src/Session/Handler/CoroutineMemorySessionHandler.php:22
└❯ SessionHandler::read 
┌[*] 24-05-2026 09:42:46.98897 /src/Session/Handler/CoroutineMemorySessionHandler.php:22
└❯ SessionHandler::read 
┌[*] 24-05-2026 09:42:46.98898 /src/Session/Handler/CoroutineMemorySessionHandler.php:22
└❯ SessionHandler::read 
┌[*] 24-05-2026 09:42:46.98898 /src/Session/Handler/CoroutineMemorySessionHandler.php:22
└❯ SessionHandler::read 
┌[*] 24-05-2026 09:42:46.98911 /src/Session/Handler/CoroutineMemorySessionHandler.php:22
└❯ SessionHandler::read 
┌[*] 24-05-2026 09:42:46.98912 /src/Session/Handler/CoroutineMemorySessionHandler.php:22
└❯ SessionHandler::read 
┌[*] 24-05-2026 09:42:46.98925 /src/Session/Handler/CoroutineMemorySessionHandler.php:22
└❯ SessionHandler::read 
┌[cors] 24-05-2026 09:42:46.99092 /src/Middleware/CorsMiddleware.php:89
└❯ CorsMiddleware: no origins configured; defaulting to "*". Set ZEALPHP_CORS_ORIGINS or pass origins explicitly for production use. 
┌[cors] 24-05-2026 09:42:46.99142 /src/Middleware/CorsMiddleware.php:89
└❯ CorsMiddleware: no origins configured; defaulting to "*". Set ZEALPHP_CORS_ORIGINS or pass origins explicitly for production use. 
┌[cors] 24-05-2026 09:42:46.99160 /src/Middleware/CorsMiddleware.php:89
└❯ CorsMiddleware: no origins configured; defaulting to "*". Set ZEALPHP_CORS_ORIGINS or pass origins explicitly for production use. 
[error_log] 24-05-2026 09:42:47 routed to framework log
[error_log] 24-05-2026 09:42:47 would-be email
┌[*] 24-05-2026 09:42:47.07727 /src/HTTP/Response.php:74
└❯ fd 
┌[*] 24-05-2026 09:42:47.07752 /src/HTTP/Response.php:74
└❯ nonexistent_property 
┌[*] 24-05-2026 09:42:47.07770 /src/HTTP/Response.php:94
└❯ fd 
┌[*] 24-05-2026 09:42:47.07801 /src/HTTP/Response.php:94
└❯ custom_attr 
┌[*] 24-05-2026 09:42:47.10813 /src/HTTP/Response.php:74
└❯ fd 
┌[*] 24-05-2026 09:42:47.10837 /src/HTTP/Response.php:94
└❯ fd 
┌[warn] 24-05-2026 09:42:47.10855 /src/HTTP/Response.php:177
└❯ [security] Protocol-relative redirect detected: //cdn.example.com/asset 
┌[warn] 24-05-2026 09:42:47.10873 /src/HTTP/Response.php:181
└❯ [security] Cross-origin redirect: https://other.com/page 
┌[warn] 24-05-2026 09:42:47.10893 /src/HTTP/Response.php:181
└❯ [security] Cross-origin redirect: https://other.com/page 
┌[warn] 24-05-2026 09:42:47.10946 /src/HTTP/Response.php:181
└❯ [security] Cross-origin redirect: https://elsewhere.example/x 
┌[warn] 24-05-2026 09:42:47.11337 /src/HTTP/Response.php:177
└❯ [security] Protocol-relative redirect detected: //cdn.example.com/asset 
┌[warn] 24-05-2026 09:42:47.11357 /src/HTTP/Response.php:181
└❯ [security] Cross-origin redirect: https://other.com/page 
┌[streamio] 24-05-2026 09:42:47.20521 /src/IOStreamWrapper.php:71
└❯ stream_open: php://input, r, 0 
┌[streamio] 24-05-2026 09:42:47.20548 /src/IOStreamWrapper.php:71
└❯ stream_open: php://input, r, 0 
┌[streamio] 24-05-2026 09:42:47.20566 /src/IOStreamWrapper.php:71
└❯ stream_open: php://input, r, 0 
┌[*] 24-05-2026 09:42:47.20612 /src/IOStreamWrapper.php:96
└❯ Failed to open stream: php://nonexistent-zealphp-test 
┌[streamio] 24-05-2026 09:42:47.20902 /src/IOStreamWrapper.php:71
└❯ stream_open: php://input, r, 0 
┌[*] 24-05-2026 09:42:47.21956 /src/App.php:602
└❯ Invalid HTTP status code returned: 99. Coercing to 500. (Universal return contract allows 100-599. See template/pages/responses.php#status-range.) 
┌[*] 24-05-2026 09:42:47.21962 /src/App.php:602
└❯ Invalid HTTP status code returned: 600. Coercing to 500. (Universal return contract allows 100-599. See template/pages/responses.php#status-range.) 
┌[*] 24-05-2026 09:42:47.21963 /src/App.php:602
└❯ Invalid HTTP status code returned: 0. Coercing to 500. (Universal return contract allows 100-599. See template/pages/responses.php#status-range.) 
┌[*] 24-05-2026 09:42:47.21964 /src/App.php:602
└❯ Invalid HTTP status code returned: -1. Coercing to 500. (Universal return contract allows 100-599. See template/pages/responses.php#status-range.) 
┌[*] 24-05-2026 09:42:47.21965 /src/App.php:602
└❯ Invalid HTTP status code returned: 999. Coercing to 500. (Universal return contract allows 100-599. See template/pages/responses.php#status-range.) 
┌[conn_limit] 24-05-2026 09:42:51.80659 /src/Middleware/ConcurrencyLimitMiddleware.php:261
└❯ ConcurrencyLimitMiddleware: rejected (global limit 2) 
┌[rate_limit] 24-05-2026 09:42:51.81755 /src/Middleware/RateLimitMiddleware.php:145
└❯ RateLimitMiddleware: Store table 'does_not_exist_table' does not exist; create it before $app->run() — failing open in the meantime. 
┌[rate_limit] 24-05-2026 09:42:51.86119 /src/Middleware/RateLimitMiddleware.php:145
└❯ RateLimitMiddleware: Store table 'no_such_rl_table_xyz' does not exist; create it before $app->run() — failing open in the meantime. 
┌[rate_limit] 24-05-2026 09:42:51.86141 /src/Middleware/RateLimitMiddleware.php:145
└❯ RateLimitMiddleware: Store table 'absent_rl_warn_tbl' does not exist; create it before $app->run() — failing open in the meantime. 
┌[rate_limit] 24-05-2026 09:42:51.86158 /src/Middleware/RateLimitMiddleware.php:145
└❯ RateLimitMiddleware: Store table 'absent_rl_6a12c81bd2587001246371' does not exist; create it before $app->run() — failing open in the meantime. 
┌[rate_limit] 24-05-2026 09:42:51.86180 /src/Middleware/RateLimitMiddleware.php:145
└❯ RateLimitMiddleware: Store table 'absent_rl_once_tbl' does not exist; create it before $app->run() — failing open in the meantime. 
┌[rate_limit] 24-05-2026 09:42:51.86428 /src/Middleware/RateLimitMiddleware.php:248
└❯ RateLimitMiddleware [dry-run]: would have blocked IP 203.0.113.110 (count=2, retry-after=100s, table='rl_6a12c81bd2fd66.21531416', delay). 
┌[rate_limit] 24-05-2026 09:42:51.86434 /src/Middleware/RateLimitMiddleware.php:248
└❯ RateLimitMiddleware [dry-run]: would have blocked IP 203.0.113.110 (count=3, retry-after=100s, table='rl_6a12c81bd2fd66.21531416', delay). 
┌[rate_limit] 24-05-2026 09:42:51.86437 /src/Middleware/RateLimitMiddleware.php:248
└❯ RateLimitMiddleware [dry-run]: would have blocked IP 203.0.113.110 (count=4, retry-after=100s, table='rl_6a12c81bd2fd66.21531416', delay). 
┌[rate_limit] 24-05-2026 09:42:51.86439 /src/Middleware/RateLimitMiddleware.php:248
└❯ RateLimitMiddleware [dry-run]: would have blocked IP 203.0.113.110 (count=5, retry-after=100s, table='rl_6a12c81bd2fd66.21531416', delay). 
┌[rate_limit] 24-05-2026 09:42:51.86466 /src/Middleware/RateLimitMiddleware.php:248
└❯ RateLimitMiddleware [dry-run]: would have blocked IP 203.0.113.111 (count=2, retry-after=100s, table='rl_6a12c81bd31597.64342693', delay). 
┌[rate_limit] 24-05-2026 09:42:51.86469 /src/Middleware/RateLimitMiddleware.php:248
└❯ RateLimitMiddleware [dry-run]: would have blocked IP 203.0.113.111 (count=3, retry-after=100s, table='rl_6a12c81bd31597.64342693', delay). 
┌[rate_limit] 24-05-2026 09:42:51.86492 /src/Middleware/RateLimitMiddleware.php:248
└❯ RateLimitMiddleware [dry-run]: would have blocked IP 203.0.113.112 (count=2, retry-after=100s, table='rl_6a12c81bd32623.53583779', delay). 
┌[rate_limit] 24-05-2026 09:42:51.86610 /src/Middleware/RateLimitMiddleware.php:204
└❯ RateLimitMiddleware: Store table 'rl_full_6a12c81bd3711574923682' is full; failing open for IP 192.0.3.201. 
┌[rate_limit] 24-05-2026 09:42:51.86678 /src/Middleware/RateLimitMiddleware.php:248
└❯ RateLimitMiddleware [dry-run]: would have blocked IP 203.0.113.200 (count=2, retry-after=100s, table='rl_6a12c81bd398f8.18937420', delay). 
┌[rate_limit] 24-05-2026 09:42:51.86705 /src/Middleware/RateLimitMiddleware.php:248
└❯ RateLimitMiddleware [dry-run]: would have blocked IP 203.0.113.201 (count=2, retry-after=100s, table='rl_6a12c81bd3aa61.43136843', nodelay). 
┌[rate_limit] 24-05-2026 09:42:51.86787 /src/Middleware/RateLimitMiddleware.php:248
└❯ RateLimitMiddleware [dry-run]: would have blocked IP 203.0.113.227 (count=2, retry-after=50s, table='rl_6a12c81bd3de80.32034850', delay). 
┌[rate_limit] 24-05-2026 09:42:51.86837 /src/Middleware/RateLimitMiddleware.php:204
└❯ RateLimitMiddleware: Store table 'rl_fullmsg_6a12c81bd3fed046469738' is full; failing open for IP 192.0.3.230. 
┌[rate_limit] 24-05-2026 09:42:51.86904 /src/Middleware/RateLimitMiddleware.php:248
└❯ RateLimitMiddleware [dry-run]: would have blocked IP 203.0.113.250 (count=2, retry-after=100s, table='rl_6a12c81bd427a6.06030895', delay). 
┌[rate_limit] 24-05-2026 09:42:51.86928 /src/Middleware/RateLimitMiddleware.php:248
└❯ RateLimitMiddleware [dry-run]: would have blocked IP 203.0.113.251 (count=2, retry-after=30s, table='rl_6a12c81bd436d0.27689997', delay). 
┌[*] 24-05-2026 09:42:51.87734 /src/Middleware/RefererMiddleware.php:116
└❯ [RefererMiddleware] malformed regex spec: ~[broken 
┌[*] 24-05-2026 09:42:51.87754 /src/Middleware/RefererMiddleware.php:116
└❯ [RefererMiddleware] malformed regex spec: ~[broken 
┌[warn] 24-05-2026 09:42:51.89955 /src/App.php:814
└❯ App already initialized 
┌[warn] 24-05-2026 09:42:51.90393 /src/HTTP/Response.php:181
└❯ [security] Cross-origin redirect: https://oauth.provider.test/authorize 
LOGWRITE-6a12c82216f9c-A
LOGWRITE-6a12c82216f9c-B
┌[unittag] 24-05-2026 09:42:58.09486 /tests/Unit/UtilsLoggingTest.php:189
└❯ elog-6a12c82217283 
┌[warn] 24-05-2026 09:42:58.09730 /src/utils.php:1266
└❯ virtual() is not supported in ZealPHP — ignored: /some/subrequest 
[error_log] 24-05-2026 09:42:58 WSRouter room message handler for throw-h-20bb: boom
┌[error] 24-05-2026 09:42:59.29349 /src/ZealAPI.php:147
└❯ TypeError: Closure::bind(): Argument #1 ($closure) must be of type Closure, string given
 at Closure.bind(/src/ZealAPI.php:145)
 ... 13 more 
┌[error] 24-05-2026 09:42:59.29826 /src/ZealAPI.php:333
└❯ RuntimeException: boom
 at ZealPHP.Tests.Unit.ZealApiHelpersTest.ZealPHP.Tests.Unit.{closure}(/tests/Unit/ZealApiHelpersTest.php:109)
 at ZealPHP.Tests.Unit.ZealApiHelpersTest.captureStatus(/tests/Unit/ZealApiHelpersTest.php:73)
 ... 11 more 
┌[error] 24-05-2026 09:42:59.29851 /src/ZealAPI.php:333
└❯ RuntimeException: Unauthorized
 at ZealPHP.Tests.Unit.ZealApiHelpersTest.ZealPHP.Tests.Unit.{closure}(/tests/Unit/ZealApiHelpersTest.php:118)
 at ZealPHP.Tests.Unit.ZealApiHelpersTest.captureStatus(/tests/Unit/ZealApiHelpersTest.php:73)
 ... 11 more 
┌[error] 24-05-2026 09:42:59.29869 /src/ZealAPI.php:333
└❯ RuntimeException: Expired token
 at ZealPHP.Tests.Unit.ZealApiHelpersTest.ZealPHP.Tests.Unit.{closure}(/tests/Unit/ZealApiHelpersTest.php:124)
 at ZealPHP.Tests.Unit.ZealApiHelpersTest.captureStatus(/tests/Unit/ZealApiHelpersTest.php:73)
 ... 11 more 
┌[error] 24-05-2026 09:42:59.29887 /src/ZealAPI.php:333
└❯ RuntimeException: Not found
 at ZealPHP.Tests.Unit.ZealApiHelpersTest.ZealPHP.Tests.Unit.{closure}(/tests/Unit/ZealApiHelpersTest.php:130)
 at ZealPHP.Tests.Unit.ZealApiHelpersTest.captureStatus(/tests/Unit/ZealApiHelpersTest.php:73)
 ... 11 more 
┌[error] 24-05-2026 09:42:59.29905 /src/ZealAPI.php:390
└❯ ZealAPI: undefined method $this->paramExist() called from API handler — did you mean $this->paramsExists()? 
┌[error] 24-05-2026 09:42:59.29924 /src/ZealAPI.php:390
└❯ ZealAPI: undefined method $this->totallyUnrelatedNonsenseMethodName() called from API handler 
┌[error] 24-05-2026 09:42:59.30890 /src/ZealAPI.php:390
└❯ ZealAPI: undefined method $this->paramExist() called from API handler — did you mean $this->paramsExists()? 
┌[warn] 24-05-2026 09:43:15.75076 /src/utils.php:1266
└❯ virtual() is not supported in ZealPHP — ignored: /some/uri 
┌[*] 24-05-2026 09:43:16.35585 /src/App.php:602
└❯ Invalid HTTP status code returned: 99999. Coercing to 500. (Universal return contract allows 100-599. See template/pages/responses.php#status-range.) 
┌[error] 24-05-2026 09:43:16.35723 /src/App.php:6623
└❯ RuntimeException: boom-xtra
 at ZealPHP.Tests.Unit.AppPipelineExtraTest.ZealPHP.Tests.Unit.{closure}(/tests/Unit/AppPipelineExtraTest.php:56)
 at call_user_func_array(anonymous)
 at ZealPHP.ResponseMiddleware.dispatchRoute(/src/App.php:6491)
 at ZealPHP.ResponseMiddleware.process(/src/App.php:6841)
 at ZealPHP.Tests.Unit.AppPipelineExtraTest.dispatch(/tests/Unit/AppPipelineExtraTest.php:208)
 at ZealPHP.Tests.Unit.AppPipelineExtraTest.testHandlerThrowRenders500(/tests/Unit/AppPipelineExtraTest.php:270)
 at PHPUnit.Framework.TestCase.runTest(/vendor/phpunit/phpunit/src/Framework/TestCase.php:1667)
 at PHPUnit.Framework.TestCase.runBare(/vendor/phpunit/phpunit/src/Framework/TestCase.php:519)
 at PHPUnit.Framework.TestRunner.run(/vendor/phpunit/phpunit/src/Framework/TestRunner/TestRunner.php:87)
 at PHPUnit.Framework.TestCase.run(/vendor/phpunit/phpunit/src/Framework/TestCase.php:365)
 at PHPUnit.Framework.TestSuite.run(/vendor/phpunit/phpunit/src/Framework/TestSuite.php:369)
 ... 5 more 
┌[error] 24-05-2026 09:43:16.35771 /src/App.php:6623
└❯ RuntimeException: boom-xtra
 at ZealPHP.Tests.Unit.AppPipelineExtraTest.ZealPHP.Tests.Unit.{closure}(/tests/Unit/AppPipelineExtraTest.php:56)
 at call_user_func_array(anonymous)
 at ZealPHP.ResponseMiddleware.dispatchRoute(/src/App.php:6491)
 at ZealPHP.ResponseMiddleware.process(/src/App.php:6841)
 at ZealPHP.Tests.Unit.AppPipelineExtraTest.dispatch(/tests/Unit/AppPipelineExtraTest.php:208)
 at ZealPHP.Tests.Unit.AppPipelineExtraTest.testHandlerThrowWithTraceWhenDisplayErrorsOn(/tests/Unit/AppPipelineExtraTest.php:276)
 at PHPUnit.Framework.TestCase.runTest(/vendor/phpunit/phpunit/src/Framework/TestCase.php:1667)
 at PHPUnit.Framework.TestCase.runBare(/vendor/phpunit/phpunit/src/Framework/TestCase.php:519)
 at PHPUnit.Framework.TestRunner.run(/vendor/phpunit/phpunit/src/Framework/TestRunner/TestRunner.php:87)
 at PHPUnit.Framework.TestCase.run(/vendor/phpunit/phpunit/src/Framework/TestCase.php:365)
 at PHPUnit.Framework.TestSuite.run(/vendor/phpunit/phpunit/src/Framework/TestSuite.php:369)
 ... 5 more 
┌[error] 24-05-2026 09:43:16.35820 /src/App.php:6623
└❯ RuntimeException: boom-xtra
 at ZealPHP.Tests.Unit.AppPipelineExtraTest.ZealPHP.Tests.Unit.{closure}(/tests/Unit/AppPipelineExtraTest.php:56)
 at call_user_func_array(anonymous)
 at ZealPHP.ResponseMiddleware.dispatchRoute(/src/App.php:6491)
 at ZealPHP.ResponseMiddleware.process(/src/App.php:6841)
 at ZealPHP.Tests.Unit.AppPipelineExtraTest.dispatch(/tests/Unit/AppPipelineExtraTest.php:208)
 at ZealPHP.Tests.Unit.AppPipelineExtraTest.testHandlerThrowWithoutTraceWhenDisplayErrorsOff(/tests/Unit/AppPipelineExtraTest.php:283)
 at PHPUnit.Framework.TestCase.runTest(/vendor/phpunit/phpunit/src/Framework/TestCase.php:1667)
 at PHPUnit.Framework.TestCase.runBare(/vendor/phpunit/phpunit/src/Framework/TestCase.php:519)
 at PHPUnit.Framework.TestRunner.run(/vendor/phpunit/phpunit/src/Framework/TestRunner/TestRunner.php:87)
 at PHPUnit.Framework.TestCase.run(/vendor/phpunit/phpunit/src/Framework/TestCase.php:365)
 at PHPUnit.Framework.TestSuite.run(/vendor/phpunit/phpunit/src/Framework/TestSuite.php:369)
 ... 5 more 
┌[error] 24-05-2026 09:43:16.36073 /src/App.php:6448
└❯ RuntimeException: raw-boom
 at ZealPHP.Tests.Unit.AppPipelineExtraTest.ZealPHP.Tests.Unit.{closure}(/tests/Unit/AppPipelineExtraTest.php:73)
 at call_user_func_array(anonymous)
 at ZealPHP.ResponseMiddleware.dispatchRawRoute(/src/App.php:6359)
 at ZealPHP.ResponseMiddleware.dispatchRoute(/src/App.php:6462)
 at ZealPHP.ResponseMiddleware.process(/src/App.php:6841)
 at ZealPHP.Tests.Unit.AppPipelineExtraTest.dispatch(/tests/Unit/AppPipelineExtraTest.php:208)
 at ZealPHP.Tests.Unit.AppPipelineExtraTest.testRawRouteThrowRenders500(/tests/Unit/AppPipelineExtraTest.php:331)
 at PHPUnit.Framework.TestCase.runTest(/vendor/phpunit/phpunit/src/Framework/TestCase.php:1667)
 at PHPUnit.Framework.TestCase.runBare(/vendor/phpunit/phpunit/src/Framework/TestCase.php:519)
 at PHPUnit.Framework.TestRunner.run(/vendor/phpunit/phpunit/src/Framework/TestRunner/TestRunner.php:87)
 at PHPUnit.Framework.TestCase.run(/vendor/phpunit/phpunit/src/Framework/TestCase.php:365)
 at PHPUnit.Framework.TestSuite.run(/vendor/phpunit/phpunit/src/Framework/TestSuite.php:369)
 ... 5 more 
┌[error] 24-05-2026 09:43:16.36422 /src/App.php:4818
└❯ Error handler for 404 itself threw: handler-broke 
┌[*] 24-05-2026 09:43:16.36753 /src/App.php:602
└❯ Invalid HTTP status code returned: 0. Coercing to 500. (Universal return contract allows 100-599. See template/pages/responses.php#status-range.) 
┌[*] 24-05-2026 09:43:16.36756 /src/App.php:602
└❯ Invalid HTTP status code returned: -1. Coercing to 500. (Universal return contract allows 100-599. See template/pages/responses.php#status-range.) 
┌[*] 24-05-2026 09:43:16.36757 /src/App.php:602
└❯ Invalid HTTP status code returned: 600. Coercing to 500. (Universal return contract allows 100-599. See template/pages/responses.php#status-range.) 
┌[*] 24-05-2026 09:43:16.36758 /src/App.php:602
└❯ Invalid HTTP status code returned: 99999. Coercing to 500. (Universal return contract allows 100-599. See template/pages/responses.php#status-range.) 
┌[*] 24-05-2026 09:43:16.37473 /src/App.php:602
└❯ Invalid HTTP status code returned: 0. Coercing to 500. (Universal return contract allows 100-599. See template/pages/responses.php#status-range.) 
┌[*] 24-05-2026 09:43:16.37479 /src/App.php:602
└❯ Invalid HTTP status code returned: -1. Coercing to 500. (Universal return contract allows 100-599. See template/pages/responses.php#status-range.) 
┌[*] 24-05-2026 09:43:16.37480 /src/App.php:602
└❯ Invalid HTTP status code returned: 42. Coercing to 500. (Universal return contract allows 100-599. See template/pages/responses.php#status-range.) 
┌[*] 24-05-2026 09:43:16.37480 /src/App.php:602
└❯ Invalid HTTP status code returned: 999. Coercing to 500. (Universal return contract allows 100-599. See template/pages/responses.php#status-range.) 
┌[*] 24-05-2026 09:43:16.37481 /src/App.php:602
└❯ Invalid HTTP status code returned: 600. Coercing to 500. (Universal return contract allows 100-599. See template/pages/responses.php#status-range.) 
┌[warn] 24-05-2026 09:43:16.42210 /src/App.php:814
└❯ App already initialized 
[error_log] 24-05-2026 09:43:16 Cache::init(maxRows=99999) is NOT enforced on the Redis backend (Redis has no per-table size cap). Either pass $ttlSeconds for per-key auto-expiry, or configure Redis-server `maxmemory` + `maxmemory-policy allkeys-lru` for cluster-wide bound.
[error_log] 24-05-2026 09:43:34 Cache::invalidateTag('user:42') requires Redis/Tiered backend; current is Table. Use a versioned key prefix for single-node cache groups instead.
┌[fcgi] 24-05-2026 09:43:34.70512 /src/App.php:3969
└❯ [fcgi] stderr: PHP Warning: division by zero 
┌[error] 24-05-2026 09:43:34.70535 /src/App.php:3961
└❯ cgiFcgi: FastCGI error for /tmp/zealphp_fcgi_376868/down.php: FastCGI: cannot connect to 127.0.0.1:9000: connection refused 
┌[error] 24-05-2026 09:43:34.70554 /src/App.php:3964
└❯ cgiFcgi: unexpected error for /tmp/zealphp_fcgi_376868/crash.php: socket timeout 
┌[conn_limit] 24-05-2026 09:43:35.66669 /src/Middleware/ConcurrencyLimitMiddleware.php:261
└❯ ConcurrencyLimitMiddleware: rejected (global limit 2) 
┌[conn_limit] 24-05-2026 09:43:35.66698 /src/Middleware/ConcurrencyLimitMiddleware.php:261
└❯ ConcurrencyLimitMiddleware: rejected (global limit 2) 
┌[conn_limit] 24-05-2026 09:43:35.66736 /src/Middleware/ConcurrencyLimitMiddleware.php:261
└❯ ConcurrencyLimitMiddleware: rejected (global limit 2) 
┌[conn_limit] 24-05-2026 09:43:35.66756 /src/Middleware/ConcurrencyLimitMiddleware.php:261
└❯ ConcurrencyLimitMiddleware: rejected (global limit 2) [dry-run] 
┌[conn_limit] 24-05-2026 09:43:35.66777 /src/Middleware/ConcurrencyLimitMiddleware.php:218
└❯ ConcurrencyLimitMiddleware: rejected (per-key limit 1 for key=10.0.0.1) 
┌[conn_limit] 24-05-2026 09:43:35.66835 /src/Middleware/ConcurrencyLimitMiddleware.php:218
└❯ ConcurrencyLimitMiddleware: rejected (per-key limit 3 for key=10.3.3.3) [dry-run] 
┌[conn_limit] 24-05-2026 09:43:35.66855 /src/Middleware/ConcurrencyLimitMiddleware.php:218
└❯ ConcurrencyLimitMiddleware: rejected (per-key limit 2 for key=10.4.4.4) 
┌[conn_limit] 24-05-2026 09:43:35.66873 /src/Middleware/ConcurrencyLimitMiddleware.php:179
└❯ ConcurrencyLimitMiddleware: Store table 'no_such_table_xyz' does not exist; create it before $app->run() (pre-fork footgun) — failing open. 
┌[conn_limit] 24-05-2026 09:43:35.66896 /src/Middleware/ConcurrencyLimitMiddleware.php:218
└❯ ConcurrencyLimitMiddleware: rejected (per-key limit 1 for key=fixed-key) 
┌[conn_limit] 24-05-2026 09:43:35.66915 /src/Middleware/ConcurrencyLimitMiddleware.php:261
└❯ ConcurrencyLimitMiddleware: rejected (global limit 1) 
┌[conn_limit] 24-05-2026 09:43:35.66934 /src/Middleware/ConcurrencyLimitMiddleware.php:261
└❯ ConcurrencyLimitMiddleware: rejected (global limit 1) 
┌[conn_limit] 24-05-2026 09:43:35.67028 /src/Middleware/ConcurrencyLimitMiddleware.php:218
└❯ ConcurrencyLimitMiddleware: rejected (global limit 1) 
┌[conn_limit] 24-05-2026 09:43:35.67106 /src/Middleware/ConcurrencyLimitMiddleware.php:218
└❯ ConcurrencyLimitMiddleware: rejected (global limit 5) 
┌[conn_limit] 24-05-2026 09:43:35.67148 /src/Middleware/ConcurrencyLimitMiddleware.php:218
└❯ ConcurrencyLimitMiddleware: rejected (global limit 2) 
┌[conn_limit] 24-05-2026 09:43:35.67169 /src/Middleware/ConcurrencyLimitMiddleware.php:218
└❯ ConcurrencyLimitMiddleware: rejected (per-key limit 3 for key=10.14.14.1) 
┌[conn_limit] 24-05-2026 09:43:35.67280 /src/Middleware/ConcurrencyLimitMiddleware.php:218
└❯ ConcurrencyLimitMiddleware: rejected (per-key limit 1 for key=10.9.9.1) [dry-run] 
┌[conn_limit] 24-05-2026 09:43:35.67304 /src/Middleware/ConcurrencyLimitMiddleware.php:218
└❯ ConcurrencyLimitMiddleware: rejected (global limit 2) 
┌[conn_limit] 24-05-2026 09:43:35.67324 /src/Middleware/ConcurrencyLimitMiddleware.php:218
└❯ ConcurrencyLimitMiddleware: rejected (per-key limit 3 for key=10.10.10.1) 
┌[conn_limit] 24-05-2026 09:43:35.67344 /src/Middleware/ConcurrencyLimitMiddleware.php:218
└❯ ConcurrencyLimitMiddleware: rejected (per-key limit 5 for key=10.11.11.1) 
┌[conn_limit] 24-05-2026 09:43:35.67366 /src/Middleware/ConcurrencyLimitMiddleware.php:261
└❯ ConcurrencyLimitMiddleware: rejected (global limit 1) [dry-run] 
┌[conn_limit] 24-05-2026 09:43:35.67431 /src/Middleware/ConcurrencyLimitMiddleware.php:218
└❯ ConcurrencyLimitMiddleware: rejected (per-key limit 5 for key=10.12.12.1) [dry-run] 
┌[conn_limit] 24-05-2026 09:43:35.67466 /src/Middleware/ConcurrencyLimitMiddleware.php:218
└❯ ConcurrencyLimitMiddleware: rejected (per-key limit 1 for key=1234) 
┌[conn_limit] 24-05-2026 09:43:35.67491 /src/Middleware/ConcurrencyLimitMiddleware.php:218
└❯ ConcurrencyLimitMiddleware: rejected (per-key limit 1 for key=192.168.1.1) 
┌[*] 24-05-2026 09:43:35.68679 /src/Session/Handler/CoroutineMemorySessionHandler.php:22
└❯ SessionHandler::read 
┌[*] 24-05-2026 09:43:35.68697 /src/Session/Handler/CoroutineMemorySessionHandler.php:22
└❯ SessionHandler::read 
┌[*] 24-05-2026 09:43:35.68711 /src/Session/Handler/CoroutineMemorySessionHandler.php:22
└❯ SessionHandler::read 
┌[*] 24-05-2026 09:43:35.68723 /src/Session/Handler/CoroutineMemorySessionHandler.php:22
└❯ SessionHandler::read 
┌[*] 24-05-2026 09:43:35.68725 /src/Session/Handler/CoroutineMemorySessionHandler.php:22
└❯ SessionHandler::read 
┌[*] 24-05-2026 09:43:35.68758 /src/Session/Handler/CoroutineMemorySessionHandler.php:22
└❯ SessionHandler::read 
┌[*] 24-05-2026 09:43:35.68760 /src/Session/Handler/CoroutineMemorySessionHandler.php:22
└❯ SessionHandler::read 
┌[*] 24-05-2026 09:43:35.68771 /src/Session/Handler/CoroutineMemorySessionHandler.php:22
└❯ SessionHandler::read 
┌[*] 24-05-2026 09:43:35.68796 /src/Session/Handler/CoroutineMemorySessionHandler.php:22
└❯ SessionHandler::read 
┌[*] 24-05-2026 09:43:35.68798 /src/Session/Handler/CoroutineMemorySessionHandler.php:22
└❯ SessionHandler::read 
┌[*] 24-05-2026 09:43:35.68799 /src/Session/Handler/CoroutineMemorySessionHandler.php:22
└❯ SessionHandler::read 
┌[*] 24-05-2026 09:43:35.68799 /src/Session/Handler/CoroutineMemorySessionHandler.php:22
└❯ SessionHandler::read 
┌[*] 24-05-2026 09:43:35.68812 /src/Session/Handler/CoroutineMemorySessionHandler.php:22
└❯ SessionHandler::read 
┌[*] 24-05-2026 09:43:35.68813 /src/Session/Handler/CoroutineMemorySessionHandler.php:22
└❯ SessionHandler::read 
┌[*] 24-05-2026 09:43:35.68825 /src/Session/Handler/CoroutineMemorySessionHandler.php:22
└❯ SessionHandler::read 
┌[cors] 24-05-2026 09:43:35.68988 /src/Middleware/CorsMiddleware.php:89
└❯ CorsMiddleware: no origins configured; defaulting to "*". Set ZEALPHP_CORS_ORIGINS or pass origins explicitly for production use. 
┌[cors] 24-05-2026 09:43:35.69038 /src/Middleware/CorsMiddleware.php:89
└❯ CorsMiddleware: no origins configured; defaulting to "*". Set ZEALPHP_CORS_ORIGINS or pass origins explicitly for production use. 
┌[cors] 24-05-2026 09:43:35.69055 /src/Middleware/CorsMiddleware.php:89
└❯ CorsMiddleware: no origins configured; defaulting to "*". Set ZEALPHP_CORS_ORIGINS or pass origins explicitly for production use. 
[error_log] 24-05-2026 09:43:35 routed to framework log
[error_log] 24-05-2026 09:43:35 would-be email
┌[*] 24-05-2026 09:43:35.76637 /src/HTTP/Response.php:74
└❯ fd 
┌[*] 24-05-2026 09:43:35.76659 /src/HTTP/Response.php:74
└❯ nonexistent_property 
┌[*] 24-05-2026 09:43:35.76675 /src/HTTP/Response.php:94
└❯ fd 
┌[*] 24-05-2026 09:43:35.76706 /src/HTTP/Response.php:94
└❯ custom_attr 
┌[*] 24-05-2026 09:43:35.79649 /src/HTTP/Response.php:74
└❯ fd 
┌[*] 24-05-2026 09:43:35.79672 /src/HTTP/Response.php:94
└❯ fd 
┌[warn] 24-05-2026 09:43:35.79690 /src/HTTP/Response.php:177
└❯ [security] Protocol-relative redirect detected: //cdn.example.com/asset 
┌[warn] 24-05-2026 09:43:35.79709 /src/HTTP/Response.php:181
└❯ [security] Cross-origin redirect: https://other.com/page 
┌[warn] 24-05-2026 09:43:35.79728 /src/HTTP/Response.php:181
└❯ [security] Cross-origin redirect: https://other.com/page 
┌[warn] 24-05-2026 09:43:35.79778 /src/HTTP/Response.php:181
└❯ [security] Cross-origin redirect: https://elsewhere.example/x 
┌[warn] 24-05-2026 09:43:35.80169 /src/HTTP/Response.php:177
└❯ [security] Protocol-relative redirect detected: //cdn.example.com/asset 
┌[warn] 24-05-2026 09:43:35.80188 /src/HTTP/Response.php:181
└❯ [security] Cross-origin redirect: https://other.com/page 
┌[streamio] 24-05-2026 09:43:35.85855 /src/IOStreamWrapper.php:71
└❯ stream_open: php://input, r, 0 
┌[streamio] 24-05-2026 09:43:35.85878 /src/IOStreamWrapper.php:71
└❯ stream_open: php://input, r, 0 
┌[streamio] 24-05-2026 09:43:35.85897 /src/IOStreamWrapper.php:71
└❯ stream_open: php://input, r, 0 
┌[*] 24-05-2026 09:43:35.85940 /src/IOStreamWrapper.php:96
└❯ Failed to open stream: php://nonexistent-zealphp-test 
┌[streamio] 24-05-2026 09:43:35.86204 /src/IOStreamWrapper.php:71
└❯ stream_open: php://input, r, 0 
┌[*] 24-05-2026 09:43:35.87177 /src/App.php:602
└❯ Invalid HTTP status code returned: 99. Coercing to 500. (Universal return contract allows 100-599. See template/pages/responses.php#status-range.) 
┌[*] 24-05-2026 09:43:35.87183 /src/App.php:602
└❯ Invalid HTTP status code returned: 600. Coercing to 500. (Universal return contract allows 100-599. See template/pages/responses.php#status-range.) 
┌[*] 24-05-2026 09:43:35.87184 /src/App.php:602
└❯ Invalid HTTP status code returned: 0. Coercing to 500. (Universal return contract allows 100-599. See template/pages/responses.php#status-range.) 
┌[*] 24-05-2026 09:43:35.87186 /src/App.php:602
└❯ Invalid HTTP status code returned: -1. Coercing to 500. (Universal return contract allows 100-599. See template/pages/responses.php#status-range.) 
┌[*] 24-05-2026 09:43:35.87187 /src/App.php:602
└❯ Invalid HTTP status code returned: 999. Coercing to 500. (Universal return contract allows 100-599. See template/pages/responses.php#status-range.) 
┌[conn_limit] 24-05-2026 09:43:40.55177 /src/Middleware/ConcurrencyLimitMiddleware.php:261
└❯ ConcurrencyLimitMiddleware: rejected (global limit 2) 
┌[rate_limit] 24-05-2026 09:43:40.56307 /src/Middleware/RateLimitMiddleware.php:145
└❯ RateLimitMiddleware: Store table 'does_not_exist_table' does not exist; create it before $app->run() — failing open in the meantime. 
┌[rate_limit] 24-05-2026 09:43:40.60758 /src/Middleware/RateLimitMiddleware.php:145
└❯ RateLimitMiddleware: Store table 'no_such_rl_table_xyz' does not exist; create it before $app->run() — failing open in the meantime. 
┌[rate_limit] 24-05-2026 09:43:40.60780 /src/Middleware/RateLimitMiddleware.php:145
└❯ RateLimitMiddleware: Store table 'absent_rl_warn_tbl' does not exist; create it before $app->run() — failing open in the meantime. 
┌[rate_limit] 24-05-2026 09:43:40.60799 /src/Middleware/RateLimitMiddleware.php:145
└❯ RateLimitMiddleware: Store table 'absent_rl_6a12c84c946f1402144497' does not exist; create it before $app->run() — failing open in the meantime. 
┌[rate_limit] 24-05-2026 09:43:40.60823 /src/Middleware/RateLimitMiddleware.php:145
└❯ RateLimitMiddleware: Store table 'absent_rl_once_tbl' does not exist; create it before $app->run() — failing open in the meantime. 
┌[rate_limit] 24-05-2026 09:43:40.61053 /src/Middleware/RateLimitMiddleware.php:248
└❯ RateLimitMiddleware [dry-run]: would have blocked IP 203.0.113.110 (count=2, retry-after=100s, table='rl_6a12c84c950ac8.17542887', delay). 
┌[rate_limit] 24-05-2026 09:43:40.61058 /src/Middleware/RateLimitMiddleware.php:248
└❯ RateLimitMiddleware [dry-run]: would have blocked IP 203.0.113.110 (count=3, retry-after=100s, table='rl_6a12c84c950ac8.17542887', delay). 
┌[rate_limit] 24-05-2026 09:43:40.61061 /src/Middleware/RateLimitMiddleware.php:248
└❯ RateLimitMiddleware [dry-run]: would have blocked IP 203.0.113.110 (count=4, retry-after=100s, table='rl_6a12c84c950ac8.17542887', delay). 
┌[rate_limit] 24-05-2026 09:43:40.61064 /src/Middleware/RateLimitMiddleware.php:248
└❯ RateLimitMiddleware [dry-run]: would have blocked IP 203.0.113.110 (count=5, retry-after=100s, table='rl_6a12c84c950ac8.17542887', delay). 
┌[rate_limit] 24-05-2026 09:43:40.61085 /src/Middleware/RateLimitMiddleware.php:248
└❯ RateLimitMiddleware [dry-run]: would have blocked IP 203.0.113.111 (count=2, retry-after=100s, table='rl_6a12c84c951ef0.83818071', delay). 
┌[rate_limit] 24-05-2026 09:43:40.61088 /src/Middleware/RateLimitMiddleware.php:248
└❯ RateLimitMiddleware [dry-run]: would have blocked IP 203.0.113.111 (count=3, retry-after=100s, table='rl_6a12c84c951ef0.83818071', delay). 
┌[rate_limit] 24-05-2026 09:43:40.61109 /src/Middleware/RateLimitMiddleware.php:248
└❯ RateLimitMiddleware [dry-run]: would have blocked IP 203.0.113.112 (count=2, retry-after=100s, table='rl_6a12c84c952e42.59299667', delay). 
┌[rate_limit] 24-05-2026 09:43:40.61218 /src/Middleware/RateLimitMiddleware.php:204
└❯ RateLimitMiddleware: Store table 'rl_full_6a12c84c95727690434763' is full; failing open for IP 192.0.3.201. 
┌[rate_limit] 24-05-2026 09:43:40.61285 /src/Middleware/RateLimitMiddleware.php:248
└❯ RateLimitMiddleware [dry-run]: would have blocked IP 203.0.113.200 (count=2, retry-after=100s, table='rl_6a12c84c959a43.83670907', delay). 
┌[rate_limit] 24-05-2026 09:43:40.61312 /src/Middleware/RateLimitMiddleware.php:248
└❯ RateLimitMiddleware [dry-run]: would have blocked IP 203.0.113.201 (count=2, retry-after=100s, table='rl_6a12c84c95abe6.56590682', nodelay). 
┌[rate_limit] 24-05-2026 09:43:40.61394 /src/Middleware/RateLimitMiddleware.php:248
└❯ RateLimitMiddleware [dry-run]: would have blocked IP 203.0.113.223 (count=2, retry-after=50s, table='rl_6a12c84c95df06.92170847', delay). 
┌[rate_limit] 24-05-2026 09:43:40.61442 /src/Middleware/RateLimitMiddleware.php:204
└❯ RateLimitMiddleware: Store table 'rl_fullmsg_6a12c84c95ff2043721246' is full; failing open for IP 192.0.3.230. 
┌[rate_limit] 24-05-2026 09:43:40.61510 /src/Middleware/RateLimitMiddleware.php:248
└❯ RateLimitMiddleware [dry-run]: would have blocked IP 203.0.113.250 (count=2, retry-after=100s, table='rl_6a12c84c9628f4.35257744', delay). 
┌[rate_limit] 24-05-2026 09:43:40.61534 /src/Middleware/RateLimitMiddleware.php:248
└❯ RateLimitMiddleware [dry-run]: would have blocked IP 203.0.113.251 (count=2, retry-after=30s, table='rl_6a12c84c9637d3.55768444', delay). 
┌[*] 24-05-2026 09:43:40.62349 /src/Middleware/RefererMiddleware.php:116
└❯ [RefererMiddleware] malformed regex spec: ~[broken 
┌[*] 24-05-2026 09:43:40.62372 /src/Middleware/RefererMiddleware.php:116
└❯ [RefererMiddleware] malformed regex spec: ~[broken 
┌[warn] 24-05-2026 09:43:40.64640 /src/App.php:814
└❯ App already initialized 
┌[warn] 24-05-2026 09:43:40.65103 /src/HTTP/Response.php:181
└❯ [security] Cross-origin redirect: https://oauth.provider.test/authorize 
LOGWRITE-6a12c852ce111-A
LOGWRITE-6a12c852ce111-B
┌[unittag] 24-05-2026 09:43:46.84475 /tests/Unit/UtilsLoggingTest.php:189
└❯ elog-6a12c852ce3cd 
┌[warn] 24-05-2026 09:43:46.84741 /src/utils.php:1266
└❯ virtual() is not supported in ZealPHP — ignored: /some/subrequest 
[error_log] 24-05-2026 09:43:46 WSRouter room message handler for throw-h-bda4: boom
┌[error] 24-05-2026 09:43:48.06073 /src/ZealAPI.php:147
└❯ TypeError: Closure::bind(): Argument #1 ($closure) must be of type Closure, string given
 at Closure.bind(/src/ZealAPI.php:145)
 ... 13 more 
┌[error] 24-05-2026 09:43:48.06541 /src/ZealAPI.php:333
└❯ RuntimeException: boom
 at ZealPHP.Tests.Unit.ZealApiHelpersTest.ZealPHP.Tests.Unit.{closure}(/tests/Unit/ZealApiHelpersTest.php:109)
 at ZealPHP.Tests.Unit.ZealApiHelpersTest.captureStatus(/tests/Unit/ZealApiHelpersTest.php:73)
 ... 11 more 
┌[error] 24-05-2026 09:43:48.06562 /src/ZealAPI.php:333
└❯ RuntimeException: Unauthorized
 at ZealPHP.Tests.Unit.ZealApiHelpersTest.ZealPHP.Tests.Unit.{closure}(/tests/Unit/ZealApiHelpersTest.php:118)
 at ZealPHP.Tests.Unit.ZealApiHelpersTest.captureStatus(/tests/Unit/ZealApiHelpersTest.php:73)
 ... 11 more 
┌[error] 24-05-2026 09:43:48.06581 /src/ZealAPI.php:333
└❯ RuntimeException: Expired token
 at ZealPHP.Tests.Unit.ZealApiHelpersTest.ZealPHP.Tests.Unit.{closure}(/tests/Unit/ZealApiHelpersTest.php:124)
 at ZealPHP.Tests.Unit.ZealApiHelpersTest.captureStatus(/tests/Unit/ZealApiHelpersTest.php:73)
 ... 11 more 
┌[error] 24-05-2026 09:43:48.06600 /src/ZealAPI.php:333
└❯ RuntimeException: Not found
 at ZealPHP.Tests.Unit.ZealApiHelpersTest.ZealPHP.Tests.Unit.{closure}(/tests/Unit/ZealApiHelpersTest.php:130)
 at ZealPHP.Tests.Unit.ZealApiHelpersTest.captureStatus(/tests/Unit/ZealApiHelpersTest.php:73)
 ... 11 more 
┌[error] 24-05-2026 09:43:48.06617 /src/ZealAPI.php:390
└❯ ZealAPI: undefined method $this->paramExist() called from API handler — did you mean $this->paramsExists()? 
┌[error] 24-05-2026 09:43:48.06634 /src/ZealAPI.php:390
└❯ ZealAPI: undefined method $this->totallyUnrelatedNonsenseMethodName() called from API handler 
┌[error] 24-05-2026 09:43:48.07566 /src/ZealAPI.php:390
└❯ ZealAPI: undefined method $this->paramExist() called from API handler — did you mean $this->paramsExists()? 
